info: Server is running on port 3000
info: Connected to the MongoDB database
info: Server is running on port 3000
info: Connected to the MongoDB database
info: Connected to the MongoDB database
info: Connected to the MongoDB database
info: Server is running on port 3000
info: Connected to the MongoDB database
info: Server is running on port 3000
info: Connected to the MongoDB database
info: Connected to the MongoDB database
info: Server is running on port 3000
info: Incoming request:
info: Connected to the MongoDB database
info: Server is running on port 3000
info: Incoming request:
info: Connected to the MongoDB database
info: Server is running on port 3000
info: Incoming request:
info: Connected to the MongoDB database
info: Server is running on port 3000
info: Incoming request:
info: Connected to the MongoDB database
info: Server is running on port 3000
info: Connected to the MongoDB database
info: Server is running on port 3000
info: Connected to the MongoDB database
info: Server is running on port 3000
info: Incoming request:
info: Connected to the MongoDB database
info: Server is running on port 3000
info: Incoming request:
info: Connected to the MongoDB database
info: Server is running on port 3000
info: Connected to the MongoDB database
info: Server is running on port 3000
info: Incoming request:
info: Connected to the MongoDB database
info: Incoming request:
error: Error retrieving act of kindness: Cast to ObjectId failed for value "nonexistent-id" (type string) at path "_id" for model "ActOfKindness" {"kind":"ObjectId","path":"_id","reason":{},"stack":"CastError: Cast to ObjectId failed for value \"nonexistent-id\" (type string) at path \"_id\" for model \"ActOfKindness\"\n    at ObjectId.Object.<anonymous>.ObjectId.cast (D:\\OpenSource\\OpenSource-Kindness-Hub\\node_modules\\mongoose\\lib\\schema\\objectid.js:248:11)\n    at ObjectId.Object.<anonymous>.SchemaType.applySetters (D:\\OpenSource\\OpenSource-Kindness-Hub\\node_modules\\mongoose\\lib\\schematype.js:1204:12)\n    at ObjectId.Object.<anonymous>.SchemaType.castForQuery (D:\\OpenSource\\OpenSource-Kindness-Hub\\node_modules\\mongoose\\lib\\schematype.js:1616:15)\n    at cast (D:\\OpenSource\\OpenSource-Kindness-Hub\\node_modules\\mongoose\\lib\\cast.js:356:32)\n    at model.Query.Object.<anonymous>.Query.cast (D:\\OpenSource\\OpenSource-Kindness-Hub\\node_modules\\mongoose\\lib\\query.js:4866:12)\n    at model.Query.Object.<anonymous>.Query._castConditions (D:\\OpenSource\\OpenSource-Kindness-Hub\\node_modules\\mongoose\\lib\\query.js:2210:10)\n    at model.Query._findOne (D:\\OpenSource\\OpenSource-Kindness-Hub\\node_modules\\mongoose\\lib\\query.js:2497:8)\n    at model.Query.exec (D:\\OpenSource\\OpenSource-Kindness-Hub\\node_modules\\mongoose\\lib\\query.js:4396:28)\n    at processTicksAndRejections (node:internal/process/task_queues:96:5)","stringValue":"\"nonexistent-id\"","value":"nonexistent-id","valueType":"string"}
info: Incoming request:
error: Error retrieving act of kindness: Internal server error {"stack":"Error: Internal server error\n    at Object.<anonymous> (D:\\OpenSource\\OpenSource-Kindness-Hub\\server\\routes\\actsOfKindness.test.js:63:60)\n    at Promise.then.completed (D:\\OpenSource\\OpenSource-Kindness-Hub\\node_modules\\jest-circus\\build\\utils.js:301:28)\n    at new Promise (<anonymous>)\n    at callAsyncCircusFn (D:\\OpenSource\\OpenSource-Kindness-Hub\\node_modules\\jest-circus\\build\\utils.js:234:10)\n    at _callCircusTest (D:\\OpenSource\\OpenSource-Kindness-Hub\\node_modules\\jest-circus\\build\\run.js:314:40)\n    at _runTest (D:\\OpenSource\\OpenSource-Kindness-Hub\\node_modules\\jest-circus\\build\\run.js:250:3)\n    at _runTestsForDescribeBlock (D:\\OpenSource\\OpenSource-Kindness-Hub\\node_modules\\jest-circus\\build\\run.js:125:9)\n    at _runTestsForDescribeBlock (D:\\OpenSource\\OpenSource-Kindness-Hub\\node_modules\\jest-circus\\build\\run.js:120:9)\n    at run (D:\\OpenSource\\OpenSource-Kindness-Hub\\node_modules\\jest-circus\\build\\run.js:70:3)\n    at runAndTransformResultsToJestFormat (D:\\OpenSource\\OpenSource-Kindness-Hub\\node_modules\\jest-circus\\build\\legacy-code-todo-rewrite\\jestAdapterInit.js:127:21)\n    at jestAdapter (D:\\OpenSource\\OpenSource-Kindness-Hub\\node_modules\\jest-circus\\build\\legacy-code-todo-rewrite\\jestAdapter.js:80:19)\n    at runTestInternal (D:\\OpenSource\\OpenSource-Kindness-Hub\\node_modules\\jest-runner\\build\\runTest.js:367:16)\n    at runTest (D:\\OpenSource\\OpenSource-Kindness-Hub\\node_modules\\jest-runner\\build\\runTest.js:444:34)"}
info: Server is running on port 3000
info: Incoming request:
info: Connected to the MongoDB database
info: Incoming request:
error: Error retrieving act of kindness: Cast to ObjectId failed for value "nonexistent-id" (type string) at path "_id" for model "ActOfKindness" {"kind":"ObjectId","path":"_id","reason":{},"stack":"CastError: Cast to ObjectId failed for value \"nonexistent-id\" (type string) at path \"_id\" for model \"ActOfKindness\"\n    at ObjectId.Object.<anonymous>.ObjectId.cast (D:\\OpenSource\\OpenSource-Kindness-Hub\\node_modules\\mongoose\\lib\\schema\\objectid.js:248:11)\n    at ObjectId.Object.<anonymous>.SchemaType.applySetters (D:\\OpenSource\\OpenSource-Kindness-Hub\\node_modules\\mongoose\\lib\\schematype.js:1204:12)\n    at ObjectId.Object.<anonymous>.SchemaType.castForQuery (D:\\OpenSource\\OpenSource-Kindness-Hub\\node_modules\\mongoose\\lib\\schematype.js:1616:15)\n    at cast (D:\\OpenSource\\OpenSource-Kindness-Hub\\node_modules\\mongoose\\lib\\cast.js:356:32)\n    at model.Query.Object.<anonymous>.Query.cast (D:\\OpenSource\\OpenSource-Kindness-Hub\\node_modules\\mongoose\\lib\\query.js:4866:12)\n    at model.Query.Object.<anonymous>.Query._castConditions (D:\\OpenSource\\OpenSource-Kindness-Hub\\node_modules\\mongoose\\lib\\query.js:2210:10)\n    at model.Query._findOne (D:\\OpenSource\\OpenSource-Kindness-Hub\\node_modules\\mongoose\\lib\\query.js:2497:8)\n    at model.Query.exec (D:\\OpenSource\\OpenSource-Kindness-Hub\\node_modules\\mongoose\\lib\\query.js:4396:28)\n    at processTicksAndRejections (node:internal/process/task_queues:96:5)","stringValue":"\"nonexistent-id\"","value":"nonexistent-id","valueType":"string"}
info: Incoming request:
error: Error retrieving act of kindness: Internal server error {"stack":"Error: Internal server error\n    at Object.<anonymous> (D:\\OpenSource\\OpenSource-Kindness-Hub\\server\\routes\\actsOfKindness.test.js:66:60)\n    at Promise.then.completed (D:\\OpenSource\\OpenSource-Kindness-Hub\\node_modules\\jest-circus\\build\\utils.js:301:28)\n    at new Promise (<anonymous>)\n    at callAsyncCircusFn (D:\\OpenSource\\OpenSource-Kindness-Hub\\node_modules\\jest-circus\\build\\utils.js:234:10)\n    at _callCircusTest (D:\\OpenSource\\OpenSource-Kindness-Hub\\node_modules\\jest-circus\\build\\run.js:314:40)\n    at _runTest (D:\\OpenSource\\OpenSource-Kindness-Hub\\node_modules\\jest-circus\\build\\run.js:250:3)\n    at _runTestsForDescribeBlock (D:\\OpenSource\\OpenSource-Kindness-Hub\\node_modules\\jest-circus\\build\\run.js:125:9)\n    at _runTestsForDescribeBlock (D:\\OpenSource\\OpenSource-Kindness-Hub\\node_modules\\jest-circus\\build\\run.js:120:9)\n    at run (D:\\OpenSource\\OpenSource-Kindness-Hub\\node_modules\\jest-circus\\build\\run.js:70:3)\n    at runAndTransformResultsToJestFormat (D:\\OpenSource\\OpenSource-Kindness-Hub\\node_modules\\jest-circus\\build\\legacy-code-todo-rewrite\\jestAdapterInit.js:127:21)\n    at jestAdapter (D:\\OpenSource\\OpenSource-Kindness-Hub\\node_modules\\jest-circus\\build\\legacy-code-todo-rewrite\\jestAdapter.js:80:19)\n    at runTestInternal (D:\\OpenSource\\OpenSource-Kindness-Hub\\node_modules\\jest-runner\\build\\runTest.js:367:16)\n    at runTest (D:\\OpenSource\\OpenSource-Kindness-Hub\\node_modules\\jest-runner\\build\\runTest.js:444:34)"}
info: Server is running on port 3000
info: Incoming request:
info: Connected to the MongoDB database
info: Incoming request:
error: Error retrieving act of kindness: Cast to ObjectId failed for value "nonexistent-id" (type string) at path "_id" for model "ActOfKindness" {"kind":"ObjectId","path":"_id","reason":{},"stack":"CastError: Cast to ObjectId failed for value \"nonexistent-id\" (type string) at path \"_id\" for model \"ActOfKindness\"\n    at ObjectId.Object.<anonymous>.ObjectId.cast (D:\\OpenSource\\OpenSource-Kindness-Hub\\node_modules\\mongoose\\lib\\schema\\objectid.js:248:11)\n    at ObjectId.Object.<anonymous>.SchemaType.applySetters (D:\\OpenSource\\OpenSource-Kindness-Hub\\node_modules\\mongoose\\lib\\schematype.js:1204:12)\n    at ObjectId.Object.<anonymous>.SchemaType.castForQuery (D:\\OpenSource\\OpenSource-Kindness-Hub\\node_modules\\mongoose\\lib\\schematype.js:1616:15)\n    at cast (D:\\OpenSource\\OpenSource-Kindness-Hub\\node_modules\\mongoose\\lib\\cast.js:356:32)\n    at model.Query.Object.<anonymous>.Query.cast (D:\\OpenSource\\OpenSource-Kindness-Hub\\node_modules\\mongoose\\lib\\query.js:4866:12)\n    at model.Query.Object.<anonymous>.Query._castConditions (D:\\OpenSource\\OpenSource-Kindness-Hub\\node_modules\\mongoose\\lib\\query.js:2210:10)\n    at model.Query._findOne (D:\\OpenSource\\OpenSource-Kindness-Hub\\node_modules\\mongoose\\lib\\query.js:2497:8)\n    at model.Query.exec (D:\\OpenSource\\OpenSource-Kindness-Hub\\node_modules\\mongoose\\lib\\query.js:4396:28)\n    at processTicksAndRejections (node:internal/process/task_queues:96:5)","stringValue":"\"nonexistent-id\"","value":"nonexistent-id","valueType":"string"}
info: Incoming request:
error: Error retrieving act of kindness: Internal server error {"stack":"Error: Internal server error\n    at Object.<anonymous> (D:\\OpenSource\\OpenSource-Kindness-Hub\\server\\routes\\actsOfKindness.test.js:66:60)\n    at Promise.then.completed (D:\\OpenSource\\OpenSource-Kindness-Hub\\node_modules\\jest-circus\\build\\utils.js:301:28)\n    at new Promise (<anonymous>)\n    at callAsyncCircusFn (D:\\OpenSource\\OpenSource-Kindness-Hub\\node_modules\\jest-circus\\build\\utils.js:234:10)\n    at _callCircusTest (D:\\OpenSource\\OpenSource-Kindness-Hub\\node_modules\\jest-circus\\build\\run.js:314:40)\n    at _runTest (D:\\OpenSource\\OpenSource-Kindness-Hub\\node_modules\\jest-circus\\build\\run.js:250:3)\n    at _runTestsForDescribeBlock (D:\\OpenSource\\OpenSource-Kindness-Hub\\node_modules\\jest-circus\\build\\run.js:125:9)\n    at _runTestsForDescribeBlock (D:\\OpenSource\\OpenSource-Kindness-Hub\\node_modules\\jest-circus\\build\\run.js:120:9)\n    at run (D:\\OpenSource\\OpenSource-Kindness-Hub\\node_modules\\jest-circus\\build\\run.js:70:3)\n    at runAndTransformResultsToJestFormat (D:\\OpenSource\\OpenSource-Kindness-Hub\\node_modules\\jest-circus\\build\\legacy-code-todo-rewrite\\jestAdapterInit.js:127:21)\n    at jestAdapter (D:\\OpenSource\\OpenSource-Kindness-Hub\\node_modules\\jest-circus\\build\\legacy-code-todo-rewrite\\jestAdapter.js:80:19)\n    at runTestInternal (D:\\OpenSource\\OpenSource-Kindness-Hub\\node_modules\\jest-runner\\build\\runTest.js:367:16)\n    at runTest (D:\\OpenSource\\OpenSource-Kindness-Hub\\node_modules\\jest-runner\\build\\runTest.js:444:34)"}
info: Connected to the MongoDB database
info: Incoming request:
info: Incoming request:
error: Error retrieving act of kindness: Cast to ObjectId failed for value "nonexistent-id" (type string) at path "_id" for model "ActOfKindness" {"kind":"ObjectId","path":"_id","reason":{},"stack":"CastError: Cast to ObjectId failed for value \"nonexistent-id\" (type string) at path \"_id\" for model \"ActOfKindness\"\n    at ObjectId.Object.<anonymous>.ObjectId.cast (D:\\OpenSource\\OpenSource-Kindness-Hub\\node_modules\\mongoose\\lib\\schema\\objectid.js:248:11)\n    at ObjectId.Object.<anonymous>.SchemaType.applySetters (D:\\OpenSource\\OpenSource-Kindness-Hub\\node_modules\\mongoose\\lib\\schematype.js:1204:12)\n    at ObjectId.Object.<anonymous>.SchemaType.castForQuery (D:\\OpenSource\\OpenSource-Kindness-Hub\\node_modules\\mongoose\\lib\\schematype.js:1616:15)\n    at cast (D:\\OpenSource\\OpenSource-Kindness-Hub\\node_modules\\mongoose\\lib\\cast.js:356:32)\n    at model.Query.Object.<anonymous>.Query.cast (D:\\OpenSource\\OpenSource-Kindness-Hub\\node_modules\\mongoose\\lib\\query.js:4866:12)\n    at model.Query.Object.<anonymous>.Query._castConditions (D:\\OpenSource\\OpenSource-Kindness-Hub\\node_modules\\mongoose\\lib\\query.js:2210:10)\n    at model.Query._findOne (D:\\OpenSource\\OpenSource-Kindness-Hub\\node_modules\\mongoose\\lib\\query.js:2497:8)\n    at model.Query.exec (D:\\OpenSource\\OpenSource-Kindness-Hub\\node_modules\\mongoose\\lib\\query.js:4396:28)\n    at processTicksAndRejections (node:internal/process/task_queues:96:5)","stringValue":"\"nonexistent-id\"","value":"nonexistent-id","valueType":"string"}
info: Server is running on port 3000
info: Incoming request:
info: Connected to the MongoDB database
info: Incoming request:
info: Incoming request:
error: Error retrieving act of kindness: Cast to ObjectId failed for value "nonexistent-id" (type string) at path "_id" for model "ActOfKindness" {"kind":"ObjectId","path":"_id","reason":{},"stack":"CastError: Cast to ObjectId failed for value \"nonexistent-id\" (type string) at path \"_id\" for model \"ActOfKindness\"\n    at ObjectId.Object.<anonymous>.ObjectId.cast (D:\\OpenSource\\OpenSource-Kindness-Hub\\node_modules\\mongoose\\lib\\schema\\objectid.js:248:11)\n    at ObjectId.Object.<anonymous>.SchemaType.applySetters (D:\\OpenSource\\OpenSource-Kindness-Hub\\node_modules\\mongoose\\lib\\schematype.js:1204:12)\n    at ObjectId.Object.<anonymous>.SchemaType.castForQuery (D:\\OpenSource\\OpenSource-Kindness-Hub\\node_modules\\mongoose\\lib\\schematype.js:1616:15)\n    at cast (D:\\OpenSource\\OpenSource-Kindness-Hub\\node_modules\\mongoose\\lib\\cast.js:356:32)\n    at model.Query.Object.<anonymous>.Query.cast (D:\\OpenSource\\OpenSource-Kindness-Hub\\node_modules\\mongoose\\lib\\query.js:4866:12)\n    at model.Query.Object.<anonymous>.Query._castConditions (D:\\OpenSource\\OpenSource-Kindness-Hub\\node_modules\\mongoose\\lib\\query.js:2210:10)\n    at model.Query._findOne (D:\\OpenSource\\OpenSource-Kindness-Hub\\node_modules\\mongoose\\lib\\query.js:2497:8)\n    at model.Query.exec (D:\\OpenSource\\OpenSource-Kindness-Hub\\node_modules\\mongoose\\lib\\query.js:4396:28)\n    at processTicksAndRejections (node:internal/process/task_queues:96:5)","stringValue":"\"nonexistent-id\"","value":"nonexistent-id","valueType":"string"}
info: Server is running on port 3000
info: Incoming request:
info: Connected to the MongoDB database
info: Server is running on port 3000
info: Incoming request:
info: Connected to the MongoDB database
info: Server is running on port 3000
info: Incoming request:
info: Connected to the MongoDB database
info: Incoming request:
info: Incoming request:
error: Error retrieving act of kindness: Cast to ObjectId failed for value "nonexistent-id" (type string) at path "_id" for model "ActOfKindness" {"kind":"ObjectId","path":"_id","reason":{},"stack":"CastError: Cast to ObjectId failed for value \"nonexistent-id\" (type string) at path \"_id\" for model \"ActOfKindness\"\n    at ObjectId.Object.<anonymous>.ObjectId.cast (D:\\OpenSource\\OpenSource-Kindness-Hub\\node_modules\\mongoose\\lib\\schema\\objectid.js:248:11)\n    at ObjectId.Object.<anonymous>.SchemaType.applySetters (D:\\OpenSource\\OpenSource-Kindness-Hub\\node_modules\\mongoose\\lib\\schematype.js:1204:12)\n    at ObjectId.Object.<anonymous>.SchemaType.castForQuery (D:\\OpenSource\\OpenSource-Kindness-Hub\\node_modules\\mongoose\\lib\\schematype.js:1616:15)\n    at cast (D:\\OpenSource\\OpenSource-Kindness-Hub\\node_modules\\mongoose\\lib\\cast.js:356:32)\n    at model.Query.Object.<anonymous>.Query.cast (D:\\OpenSource\\OpenSource-Kindness-Hub\\node_modules\\mongoose\\lib\\query.js:4866:12)\n    at model.Query.Object.<anonymous>.Query._castConditions (D:\\OpenSource\\OpenSource-Kindness-Hub\\node_modules\\mongoose\\lib\\query.js:2210:10)\n    at model.Query._findOne (D:\\OpenSource\\OpenSource-Kindness-Hub\\node_modules\\mongoose\\lib\\query.js:2497:8)\n    at model.Query.exec (D:\\OpenSource\\OpenSource-Kindness-Hub\\node_modules\\mongoose\\lib\\query.js:4396:28)\n    at processTicksAndRejections (node:internal/process/task_queues:96:5)","stringValue":"\"nonexistent-id\"","value":"nonexistent-id","valueType":"string"}
info: Server is running on port 3000
info: Incoming request:
info: Connected to the MongoDB database
info: Incoming request:
info: Incoming request:
error: Error retrieving act of kindness: Cast to ObjectId failed for value "nonexistent-id" (type string) at path "_id" for model "ActOfKindness" {"kind":"ObjectId","path":"_id","reason":{},"stack":"CastError: Cast to ObjectId failed for value \"nonexistent-id\" (type string) at path \"_id\" for model \"ActOfKindness\"\n    at ObjectId.Object.<anonymous>.ObjectId.cast (D:\\OpenSource\\OpenSource-Kindness-Hub\\node_modules\\mongoose\\lib\\schema\\objectid.js:248:11)\n    at ObjectId.Object.<anonymous>.SchemaType.applySetters (D:\\OpenSource\\OpenSource-Kindness-Hub\\node_modules\\mongoose\\lib\\schematype.js:1204:12)\n    at ObjectId.Object.<anonymous>.SchemaType.castForQuery (D:\\OpenSource\\OpenSource-Kindness-Hub\\node_modules\\mongoose\\lib\\schematype.js:1616:15)\n    at cast (D:\\OpenSource\\OpenSource-Kindness-Hub\\node_modules\\mongoose\\lib\\cast.js:356:32)\n    at model.Query.Object.<anonymous>.Query.cast (D:\\OpenSource\\OpenSource-Kindness-Hub\\node_modules\\mongoose\\lib\\query.js:4866:12)\n    at model.Query.Object.<anonymous>.Query._castConditions (D:\\OpenSource\\OpenSource-Kindness-Hub\\node_modules\\mongoose\\lib\\query.js:2210:10)\n    at model.Query._findOne (D:\\OpenSource\\OpenSource-Kindness-Hub\\node_modules\\mongoose\\lib\\query.js:2497:8)\n    at model.Query.exec (D:\\OpenSource\\OpenSource-Kindness-Hub\\node_modules\\mongoose\\lib\\query.js:4396:28)\n    at processTicksAndRejections (node:internal/process/task_queues:96:5)","stringValue":"\"nonexistent-id\"","value":"nonexistent-id","valueType":"string"}
info: Server is running on port 3000
info: Incoming request:
info: Connected to the MongoDB database
info: Incoming request:
info: Incoming request:
error: Error retrieving act of kindness: Cast to ObjectId failed for value "nonexistent-id" (type string) at path "_id" for model "ActOfKindness" {"kind":"ObjectId","path":"_id","reason":{},"stack":"CastError: Cast to ObjectId failed for value \"nonexistent-id\" (type string) at path \"_id\" for model \"ActOfKindness\"\n    at ObjectId.Object.<anonymous>.ObjectId.cast (D:\\OpenSource\\OpenSource-Kindness-Hub\\node_modules\\mongoose\\lib\\schema\\objectid.js:248:11)\n    at ObjectId.Object.<anonymous>.SchemaType.applySetters (D:\\OpenSource\\OpenSource-Kindness-Hub\\node_modules\\mongoose\\lib\\schematype.js:1204:12)\n    at ObjectId.Object.<anonymous>.SchemaType.castForQuery (D:\\OpenSource\\OpenSource-Kindness-Hub\\node_modules\\mongoose\\lib\\schematype.js:1616:15)\n    at cast (D:\\OpenSource\\OpenSource-Kindness-Hub\\node_modules\\mongoose\\lib\\cast.js:356:32)\n    at model.Query.Object.<anonymous>.Query.cast (D:\\OpenSource\\OpenSource-Kindness-Hub\\node_modules\\mongoose\\lib\\query.js:4866:12)\n    at model.Query.Object.<anonymous>.Query._castConditions (D:\\OpenSource\\OpenSource-Kindness-Hub\\node_modules\\mongoose\\lib\\query.js:2210:10)\n    at model.Query._findOne (D:\\OpenSource\\OpenSource-Kindness-Hub\\node_modules\\mongoose\\lib\\query.js:2497:8)\n    at model.Query.exec (D:\\OpenSource\\OpenSource-Kindness-Hub\\node_modules\\mongoose\\lib\\query.js:4396:28)\n    at processTicksAndRejections (node:internal/process/task_queues:96:5)","stringValue":"\"nonexistent-id\"","value":"nonexistent-id","valueType":"string"}
info: Server is running on port 3000
info: Incoming request:
info: Connected to the MongoDB database
info: Incoming request:
info: Incoming request:
error: Error retrieving act of kindness: Cast to ObjectId failed for value "nonexistent-id" (type string) at path "_id" for model "ActOfKindness" {"kind":"ObjectId","path":"_id","reason":{},"stack":"CastError: Cast to ObjectId failed for value \"nonexistent-id\" (type string) at path \"_id\" for model \"ActOfKindness\"\n    at ObjectId.Object.<anonymous>.ObjectId.cast (D:\\OpenSource\\OpenSource-Kindness-Hub\\node_modules\\mongoose\\lib\\schema\\objectid.js:248:11)\n    at ObjectId.Object.<anonymous>.SchemaType.applySetters (D:\\OpenSource\\OpenSource-Kindness-Hub\\node_modules\\mongoose\\lib\\schematype.js:1204:12)\n    at ObjectId.Object.<anonymous>.SchemaType.castForQuery (D:\\OpenSource\\OpenSource-Kindness-Hub\\node_modules\\mongoose\\lib\\schematype.js:1616:15)\n    at cast (D:\\OpenSource\\OpenSource-Kindness-Hub\\node_modules\\mongoose\\lib\\cast.js:356:32)\n    at model.Query.Object.<anonymous>.Query.cast (D:\\OpenSource\\OpenSource-Kindness-Hub\\node_modules\\mongoose\\lib\\query.js:4866:12)\n    at model.Query.Object.<anonymous>.Query._castConditions (D:\\OpenSource\\OpenSource-Kindness-Hub\\node_modules\\mongoose\\lib\\query.js:2210:10)\n    at model.Query._findOne (D:\\OpenSource\\OpenSource-Kindness-Hub\\node_modules\\mongoose\\lib\\query.js:2497:8)\n    at model.Query.exec (D:\\OpenSource\\OpenSource-Kindness-Hub\\node_modules\\mongoose\\lib\\query.js:4396:28)\n    at processTicksAndRejections (node:internal/process/task_queues:96:5)","stringValue":"\"nonexistent-id\"","value":"nonexistent-id","valueType":"string"}
info: Server is running on port 3000
info: Incoming request:
info: Connected to the MongoDB database
info: Incoming request:
info: Incoming request:
error: Error retrieving act of kindness: Cast to ObjectId failed for value "nonexistent-id" (type string) at path "_id" for model "ActOfKindness" {"kind":"ObjectId","path":"_id","reason":{},"stack":"CastError: Cast to ObjectId failed for value \"nonexistent-id\" (type string) at path \"_id\" for model \"ActOfKindness\"\n    at ObjectId.Object.<anonymous>.ObjectId.cast (D:\\OpenSource\\OpenSource-Kindness-Hub\\node_modules\\mongoose\\lib\\schema\\objectid.js:248:11)\n    at ObjectId.Object.<anonymous>.SchemaType.applySetters (D:\\OpenSource\\OpenSource-Kindness-Hub\\node_modules\\mongoose\\lib\\schematype.js:1204:12)\n    at ObjectId.Object.<anonymous>.SchemaType.castForQuery (D:\\OpenSource\\OpenSource-Kindness-Hub\\node_modules\\mongoose\\lib\\schematype.js:1616:15)\n    at cast (D:\\OpenSource\\OpenSource-Kindness-Hub\\node_modules\\mongoose\\lib\\cast.js:356:32)\n    at model.Query.Object.<anonymous>.Query.cast (D:\\OpenSource\\OpenSource-Kindness-Hub\\node_modules\\mongoose\\lib\\query.js:4866:12)\n    at model.Query.Object.<anonymous>.Query._castConditions (D:\\OpenSource\\OpenSource-Kindness-Hub\\node_modules\\mongoose\\lib\\query.js:2210:10)\n    at model.Query._findOne (D:\\OpenSource\\OpenSource-Kindness-Hub\\node_modules\\mongoose\\lib\\query.js:2497:8)\n    at model.Query.exec (D:\\OpenSource\\OpenSource-Kindness-Hub\\node_modules\\mongoose\\lib\\query.js:4396:28)\n    at processTicksAndRejections (node:internal/process/task_queues:96:5)","stringValue":"\"nonexistent-id\"","value":"nonexistent-id","valueType":"string"}
info: Server is running on port 3000
info: Incoming request:
info: Connected to the MongoDB database
info: Incoming request:
info: Incoming request:
error: Error retrieving act of kindness: Cast to ObjectId failed for value "nonexistent-id" (type string) at path "_id" for model "ActOfKindness" {"kind":"ObjectId","path":"_id","reason":{},"stack":"CastError: Cast to ObjectId failed for value \"nonexistent-id\" (type string) at path \"_id\" for model \"ActOfKindness\"\n    at ObjectId.Object.<anonymous>.ObjectId.cast (D:\\OpenSource\\OpenSource-Kindness-Hub\\node_modules\\mongoose\\lib\\schema\\objectid.js:248:11)\n    at ObjectId.Object.<anonymous>.SchemaType.applySetters (D:\\OpenSource\\OpenSource-Kindness-Hub\\node_modules\\mongoose\\lib\\schematype.js:1204:12)\n    at ObjectId.Object.<anonymous>.SchemaType.castForQuery (D:\\OpenSource\\OpenSource-Kindness-Hub\\node_modules\\mongoose\\lib\\schematype.js:1616:15)\n    at cast (D:\\OpenSource\\OpenSource-Kindness-Hub\\node_modules\\mongoose\\lib\\cast.js:356:32)\n    at model.Query.Object.<anonymous>.Query.cast (D:\\OpenSource\\OpenSource-Kindness-Hub\\node_modules\\mongoose\\lib\\query.js:4866:12)\n    at model.Query.Object.<anonymous>.Query._castConditions (D:\\OpenSource\\OpenSource-Kindness-Hub\\node_modules\\mongoose\\lib\\query.js:2210:10)\n    at model.Query._findOne (D:\\OpenSource\\OpenSource-Kindness-Hub\\node_modules\\mongoose\\lib\\query.js:2497:8)\n    at model.Query.exec (D:\\OpenSource\\OpenSource-Kindness-Hub\\node_modules\\mongoose\\lib\\query.js:4396:28)\n    at processTicksAndRejections (node:internal/process/task_queues:96:5)","stringValue":"\"nonexistent-id\"","value":"nonexistent-id","valueType":"string"}
info: Server is running on port 3000
info: Connected to the MongoDB database
info: Incoming request:
info: Incoming request:
error: Error retrieving act of kindness: Cast to ObjectId failed for value "nonexistent-id" (type string) at path "_id" for model "ActOfKindness" {"kind":"ObjectId","path":"_id","reason":{},"stack":"CastError: Cast to ObjectId failed for value \"nonexistent-id\" (type string) at path \"_id\" for model \"ActOfKindness\"\n    at ObjectId.Object.<anonymous>.ObjectId.cast (D:\\OpenSource\\OpenSource-Kindness-Hub\\node_modules\\mongoose\\lib\\schema\\objectid.js:248:11)\n    at ObjectId.Object.<anonymous>.SchemaType.applySetters (D:\\OpenSource\\OpenSource-Kindness-Hub\\node_modules\\mongoose\\lib\\schematype.js:1204:12)\n    at ObjectId.Object.<anonymous>.SchemaType.castForQuery (D:\\OpenSource\\OpenSource-Kindness-Hub\\node_modules\\mongoose\\lib\\schematype.js:1616:15)\n    at cast (D:\\OpenSource\\OpenSource-Kindness-Hub\\node_modules\\mongoose\\lib\\cast.js:356:32)\n    at model.Query.Object.<anonymous>.Query.cast (D:\\OpenSource\\OpenSource-Kindness-Hub\\node_modules\\mongoose\\lib\\query.js:4866:12)\n    at model.Query.Object.<anonymous>.Query._castConditions (D:\\OpenSource\\OpenSource-Kindness-Hub\\node_modules\\mongoose\\lib\\query.js:2210:10)\n    at model.Query._findOne (D:\\OpenSource\\OpenSource-Kindness-Hub\\node_modules\\mongoose\\lib\\query.js:2497:8)\n    at model.Query.exec (D:\\OpenSource\\OpenSource-Kindness-Hub\\node_modules\\mongoose\\lib\\query.js:4396:28)\n    at processTicksAndRejections (node:internal/process/task_queues:96:5)","stringValue":"\"nonexistent-id\"","value":"nonexistent-id","valueType":"string"}
info: Server is running on port 3000
info: Incoming request:
info: Connected to the MongoDB database
info: Incoming request:
info: Incoming request:
error: Error retrieving act of kindness: Cast to ObjectId failed for value "nonexistent-id" (type string) at path "_id" for model "ActOfKindness" {"kind":"ObjectId","path":"_id","reason":{},"stack":"CastError: Cast to ObjectId failed for value \"nonexistent-id\" (type string) at path \"_id\" for model \"ActOfKindness\"\n    at ObjectId.Object.<anonymous>.ObjectId.cast (D:\\OpenSource\\OpenSource-Kindness-Hub\\node_modules\\mongoose\\lib\\schema\\objectid.js:248:11)\n    at ObjectId.Object.<anonymous>.SchemaType.applySetters (D:\\OpenSource\\OpenSource-Kindness-Hub\\node_modules\\mongoose\\lib\\schematype.js:1204:12)\n    at ObjectId.Object.<anonymous>.SchemaType.castForQuery (D:\\OpenSource\\OpenSource-Kindness-Hub\\node_modules\\mongoose\\lib\\schematype.js:1616:15)\n    at cast (D:\\OpenSource\\OpenSource-Kindness-Hub\\node_modules\\mongoose\\lib\\cast.js:356:32)\n    at model.Query.Object.<anonymous>.Query.cast (D:\\OpenSource\\OpenSource-Kindness-Hub\\node_modules\\mongoose\\lib\\query.js:4866:12)\n    at model.Query.Object.<anonymous>.Query._castConditions (D:\\OpenSource\\OpenSource-Kindness-Hub\\node_modules\\mongoose\\lib\\query.js:2210:10)\n    at model.Query._findOne (D:\\OpenSource\\OpenSource-Kindness-Hub\\node_modules\\mongoose\\lib\\query.js:2497:8)\n    at model.Query.exec (D:\\OpenSource\\OpenSource-Kindness-Hub\\node_modules\\mongoose\\lib\\query.js:4396:28)\n    at processTicksAndRejections (node:internal/process/task_queues:96:5)","stringValue":"\"nonexistent-id\"","value":"nonexistent-id","valueType":"string"}
info: Server is running on port 3000
info: Incoming request:
info: Connected to the MongoDB database
info: Incoming request:
info: Incoming request:
error: Error retrieving act of kindness: Cast to ObjectId failed for value "nonexistent-id" (type string) at path "_id" for model "ActOfKindness" {"kind":"ObjectId","path":"_id","reason":{},"stack":"CastError: Cast to ObjectId failed for value \"nonexistent-id\" (type string) at path \"_id\" for model \"ActOfKindness\"\n    at ObjectId.Object.<anonymous>.ObjectId.cast (D:\\OpenSource\\OpenSource-Kindness-Hub\\node_modules\\mongoose\\lib\\schema\\objectid.js:248:11)\n    at ObjectId.Object.<anonymous>.SchemaType.applySetters (D:\\OpenSource\\OpenSource-Kindness-Hub\\node_modules\\mongoose\\lib\\schematype.js:1204:12)\n    at ObjectId.Object.<anonymous>.SchemaType.castForQuery (D:\\OpenSource\\OpenSource-Kindness-Hub\\node_modules\\mongoose\\lib\\schematype.js:1616:15)\n    at cast (D:\\OpenSource\\OpenSource-Kindness-Hub\\node_modules\\mongoose\\lib\\cast.js:356:32)\n    at model.Query.Object.<anonymous>.Query.cast (D:\\OpenSource\\OpenSource-Kindness-Hub\\node_modules\\mongoose\\lib\\query.js:4866:12)\n    at model.Query.Object.<anonymous>.Query._castConditions (D:\\OpenSource\\OpenSource-Kindness-Hub\\node_modules\\mongoose\\lib\\query.js:2210:10)\n    at model.Query._findOne (D:\\OpenSource\\OpenSource-Kindness-Hub\\node_modules\\mongoose\\lib\\query.js:2497:8)\n    at model.Query.exec (D:\\OpenSource\\OpenSource-Kindness-Hub\\node_modules\\mongoose\\lib\\query.js:4396:28)\n    at processTicksAndRejections (node:internal/process/task_queues:96:5)","stringValue":"\"nonexistent-id\"","value":"nonexistent-id","valueType":"string"}
info: Server is running on port 3000
info: Incoming request:
info: Connected to the MongoDB database
info: Incoming request:
info: Incoming request:
error: Error retrieving act of kindness: Cast to ObjectId failed for value "nonexistent-id" (type string) at path "_id" for model "ActOfKindness" {"kind":"ObjectId","path":"_id","reason":{},"stack":"CastError: Cast to ObjectId failed for value \"nonexistent-id\" (type string) at path \"_id\" for model \"ActOfKindness\"\n    at ObjectId.Object.<anonymous>.ObjectId.cast (D:\\OpenSource\\OpenSource-Kindness-Hub\\node_modules\\mongoose\\lib\\schema\\objectid.js:248:11)\n    at ObjectId.Object.<anonymous>.SchemaType.applySetters (D:\\OpenSource\\OpenSource-Kindness-Hub\\node_modules\\mongoose\\lib\\schematype.js:1204:12)\n    at ObjectId.Object.<anonymous>.SchemaType.castForQuery (D:\\OpenSource\\OpenSource-Kindness-Hub\\node_modules\\mongoose\\lib\\schematype.js:1616:15)\n    at cast (D:\\OpenSource\\OpenSource-Kindness-Hub\\node_modules\\mongoose\\lib\\cast.js:356:32)\n    at model.Query.Object.<anonymous>.Query.cast (D:\\OpenSource\\OpenSource-Kindness-Hub\\node_modules\\mongoose\\lib\\query.js:4866:12)\n    at model.Query.Object.<anonymous>.Query._castConditions (D:\\OpenSource\\OpenSource-Kindness-Hub\\node_modules\\mongoose\\lib\\query.js:2210:10)\n    at model.Query._findOne (D:\\OpenSource\\OpenSource-Kindness-Hub\\node_modules\\mongoose\\lib\\query.js:2497:8)\n    at model.Query.exec (D:\\OpenSource\\OpenSource-Kindness-Hub\\node_modules\\mongoose\\lib\\query.js:4396:28)\n    at processTicksAndRejections (node:internal/process/task_queues:96:5)","stringValue":"\"nonexistent-id\"","value":"nonexistent-id","valueType":"string"}
info: Server is running on port 3000
info: Incoming request:
info: Connected to the MongoDB database
info: Incoming request:
info: Incoming request:
error: Error retrieving act of kindness: Cast to ObjectId failed for value "nonexistent-id" (type string) at path "_id" for model "ActOfKindness" {"kind":"ObjectId","path":"_id","reason":{},"stack":"CastError: Cast to ObjectId failed for value \"nonexistent-id\" (type string) at path \"_id\" for model \"ActOfKindness\"\n    at ObjectId.Object.<anonymous>.ObjectId.cast (D:\\OpenSource\\OpenSource-Kindness-Hub\\node_modules\\mongoose\\lib\\schema\\objectid.js:248:11)\n    at ObjectId.Object.<anonymous>.SchemaType.applySetters (D:\\OpenSource\\OpenSource-Kindness-Hub\\node_modules\\mongoose\\lib\\schematype.js:1204:12)\n    at ObjectId.Object.<anonymous>.SchemaType.castForQuery (D:\\OpenSource\\OpenSource-Kindness-Hub\\node_modules\\mongoose\\lib\\schematype.js:1616:15)\n    at cast (D:\\OpenSource\\OpenSource-Kindness-Hub\\node_modules\\mongoose\\lib\\cast.js:356:32)\n    at model.Query.Object.<anonymous>.Query.cast (D:\\OpenSource\\OpenSource-Kindness-Hub\\node_modules\\mongoose\\lib\\query.js:4866:12)\n    at model.Query.Object.<anonymous>.Query._castConditions (D:\\OpenSource\\OpenSource-Kindness-Hub\\node_modules\\mongoose\\lib\\query.js:2210:10)\n    at model.Query._findOne (D:\\OpenSource\\OpenSource-Kindness-Hub\\node_modules\\mongoose\\lib\\query.js:2497:8)\n    at model.Query.exec (D:\\OpenSource\\OpenSource-Kindness-Hub\\node_modules\\mongoose\\lib\\query.js:4396:28)\n    at processTicksAndRejections (node:internal/process/task_queues:96:5)","stringValue":"\"nonexistent-id\"","value":"nonexistent-id","valueType":"string"}
info: Server is running on port 3000
info: Incoming request:
info: Connected to the MongoDB database
info: Incoming request:
info: Incoming request:
error: Error retrieving act of kindness: Cast to ObjectId failed for value "nonexistent-id" (type string) at path "_id" for model "ActOfKindness" {"kind":"ObjectId","path":"_id","reason":{},"stack":"CastError: Cast to ObjectId failed for value \"nonexistent-id\" (type string) at path \"_id\" for model \"ActOfKindness\"\n    at ObjectId.Object.<anonymous>.ObjectId.cast (D:\\OpenSource\\OpenSource-Kindness-Hub\\node_modules\\mongoose\\lib\\schema\\objectid.js:248:11)\n    at ObjectId.Object.<anonymous>.SchemaType.applySetters (D:\\OpenSource\\OpenSource-Kindness-Hub\\node_modules\\mongoose\\lib\\schematype.js:1204:12)\n    at ObjectId.Object.<anonymous>.SchemaType.castForQuery (D:\\OpenSource\\OpenSource-Kindness-Hub\\node_modules\\mongoose\\lib\\schematype.js:1616:15)\n    at cast (D:\\OpenSource\\OpenSource-Kindness-Hub\\node_modules\\mongoose\\lib\\cast.js:356:32)\n    at model.Query.Object.<anonymous>.Query.cast (D:\\OpenSource\\OpenSource-Kindness-Hub\\node_modules\\mongoose\\lib\\query.js:4866:12)\n    at model.Query.Object.<anonymous>.Query._castConditions (D:\\OpenSource\\OpenSource-Kindness-Hub\\node_modules\\mongoose\\lib\\query.js:2210:10)\n    at model.Query._findOne (D:\\OpenSource\\OpenSource-Kindness-Hub\\node_modules\\mongoose\\lib\\query.js:2497:8)\n    at model.Query.exec (D:\\OpenSource\\OpenSource-Kindness-Hub\\node_modules\\mongoose\\lib\\query.js:4396:28)\n    at processTicksAndRejections (node:internal/process/task_queues:96:5)","stringValue":"\"nonexistent-id\"","value":"nonexistent-id","valueType":"string"}
info: Server is running on port 3000
info: Incoming request:
info: Connected to the MongoDB database
info: Incoming request:
info: Incoming request:
error: Error retrieving act of kindness: Cast to ObjectId failed for value "nonexistent-id" (type string) at path "_id" for model "ActOfKindness" {"kind":"ObjectId","path":"_id","reason":{},"stack":"CastError: Cast to ObjectId failed for value \"nonexistent-id\" (type string) at path \"_id\" for model \"ActOfKindness\"\n    at ObjectId.Object.<anonymous>.ObjectId.cast (D:\\OpenSource\\OpenSource-Kindness-Hub\\node_modules\\mongoose\\lib\\schema\\objectid.js:248:11)\n    at ObjectId.Object.<anonymous>.SchemaType.applySetters (D:\\OpenSource\\OpenSource-Kindness-Hub\\node_modules\\mongoose\\lib\\schematype.js:1204:12)\n    at ObjectId.Object.<anonymous>.SchemaType.castForQuery (D:\\OpenSource\\OpenSource-Kindness-Hub\\node_modules\\mongoose\\lib\\schematype.js:1616:15)\n    at cast (D:\\OpenSource\\OpenSource-Kindness-Hub\\node_modules\\mongoose\\lib\\cast.js:356:32)\n    at model.Query.Object.<anonymous>.Query.cast (D:\\OpenSource\\OpenSource-Kindness-Hub\\node_modules\\mongoose\\lib\\query.js:4866:12)\n    at model.Query.Object.<anonymous>.Query._castConditions (D:\\OpenSource\\OpenSource-Kindness-Hub\\node_modules\\mongoose\\lib\\query.js:2210:10)\n    at model.Query._findOne (D:\\OpenSource\\OpenSource-Kindness-Hub\\node_modules\\mongoose\\lib\\query.js:2497:8)\n    at model.Query.exec (D:\\OpenSource\\OpenSource-Kindness-Hub\\node_modules\\mongoose\\lib\\query.js:4396:28)\n    at processTicksAndRejections (node:internal/process/task_queues:96:5)","stringValue":"\"nonexistent-id\"","value":"nonexistent-id","valueType":"string"}
info: Server is running on port 3000
info: Incoming request:
info: Connected to the MongoDB database
info: Incoming request:
info: Incoming request:
info: Server is running on port 3000
info: Incoming request:
info: Connected to the MongoDB database
info: Incoming request:
info: Incoming request:
